<?xml version="1.0" encoding="UTF-8"?>
<!-- Generated by org.testng.reporters.JUnitXMLReporter -->
<testsuite ignored="1" hostname="Lenovo" failures="0" tests="5" name="Default test" time="35.112" errors="0" timestamp="2025-03-18T21:09:04 IST">
  <testcase classname="elements.Elements" name="button_element" time="3.57"/>
  <testcase classname="elements.Elements" name="checkbox" time="3.101"/>
  <testcase classname="elements.Elements" name="link_element" time="12.119"/>
  <testcase classname="elements.Elements" name="radio_btn_TC__1" time="3.373"/>
  <testcase classname="elements.Elements" name="txt_box" time="7.768"/>
  <testcase classname="elements.Elements" name="web_table_TC001" time="0.0">
    <ignored/>
  </testcase> <!-- web_table_TC001 -->
</testsuite> <!-- Default test -->
