<?xml version="1.0" encoding="UTF-8"?>
<testng-results ignored="0" total="4" passed="4" failed="0" skipped="0">
  <reporter-output>
  </reporter-output>
  <suite started-at="2025-03-19T17:23:39 IST" name="Default suite" finished-at="2025-03-19T17:24:07 IST" duration-ms="27287">
    <groups>
    </groups>
    <test started-at="2025-03-19T17:23:39 IST" name="Default test" finished-at="2025-03-19T17:24:07 IST" duration-ms="27287">
      <class name="alerts_frames_windows.Windows">
        <test-method is-config="true" signature="launch_website()[pri:0, instance:alerts_frames_windows.Windows@53f0a4cb]" started-at="2025-03-19T17:23:40 IST" name="launch_website" finished-at="2025-03-19T17:23:45 IST" duration-ms="5386" status="PASS">
          <reporter-output>
          </reporter-output>
        </test-method> <!-- launch_website -->
        <test-method signature="alerts_test_cases()[pri:0, instance:alerts_frames_windows.Windows@53f0a4cb]" started-at="2025-03-19T17:23:45 IST" name="alerts_test_cases" finished-at="2025-03-19T17:23:57 IST" duration-ms="12241" status="PASS">
          <reporter-output>
          </reporter-output>
        </test-method> <!-- alerts_test_cases -->
        <test-method signature="frames_test_cases()[pri:0, instance:alerts_frames_windows.Windows@53f0a4cb]" started-at="2025-03-19T17:23:57 IST" name="frames_test_cases" finished-at="2025-03-19T17:24:02 IST" duration-ms="4435" status="PASS">
          <reporter-output>
          </reporter-output>
        </test-method> <!-- frames_test_cases -->
        <test-method signature="nested_frame()[pri:0, instance:alerts_frames_windows.Windows@53f0a4cb]" started-at="2025-03-19T17:24:02 IST" name="nested_frame" finished-at="2025-03-19T17:24:03 IST" duration-ms="1803" status="PASS">
          <reporter-output>
          </reporter-output>
        </test-method> <!-- nested_frame -->
        <test-method signature="windows()[pri:0, instance:alerts_frames_windows.Windows@53f0a4cb]" started-at="2025-03-19T17:24:04 IST" name="windows" finished-at="2025-03-19T17:24:07 IST" duration-ms="3030" status="PASS">
          <reporter-output>
          </reporter-output>
        </test-method> <!-- windows -->
      </class> <!-- alerts_frames_windows.Windows -->
    </test> <!-- Default test -->
  </suite> <!-- Default suite -->
</testng-results>
